<?xml version="1.0" encoding="UTF-8"?>
<TestRun id="1c143058-895f-4bf3-8568-807b81f44a68" name="1017918@TVMDT2571 2019-05-07 17:29:09" runUser="QUESTGEDCTVM\1017918" xmlns="http://microsoft.com/schemas/VisualStudio/TeamTest/2010">
  <Times creation="2019-05-07T17:29:09.7720485+05:30" queuing="2019-05-07T17:29:09.7720485+05:30" start="2019-05-07T17:29:09.6710522+05:30" finish="2019-05-07T17:29:09.8590471+05:30" />
  <TestSettings name="default" id="bddf604f-09ac-40a4-8210-056ad4fd04e6">
    <Execution>
      <TestTypeSpecific />
    </Execution>
    <Deployment runDeploymentRoot="1017918_TVMDT2571 2019-05-07 17_29_09" />
    <Properties />
  </TestSettings>
  <Results>
    <UnitTestResult executionId="52ea2764-7539-4eba-b8d0-000135cc448b" testId="f0fb44f8-5d10-ecab-03b1-22386ba93c11" testName="CreateFile_createsFileInSpecifiedFolder" computerName="TVMDT2571" duration="00:00:00.0072880" startTime="2019-05-07T17:29:09.6710522+05:30" endTime="2019-05-07T17:29:09.7000522+05:30" testType="13cdc9d9-ddb5-4fa4-a97d-d965ccfc6d4b" outcome="Failed" testListId="8c84fa94-04c1-424b-9868-57a2d4851a1d" relativeResultsDirectory="52ea2764-7539-4eba-b8d0-000135cc448b">
      <Output>
        <ErrorInfo>
          <Message>Test method AgentServiceTest.FileHandlerTest.CreateFile_createsFileInSpecifiedFolder threw exception: 
System.BadImageFormatException: Could not load file or assembly 'IoTAgentService, Version=1.0.0.0, Culture=neutral, PublicKeyToken=null' or one of its dependencies. An attempt was made to load a program with an incorrect format.</Message>
          <StackTrace>    at AgentServiceTest.FileHandlerTest.CreateFile_createsFileInSpecifiedFolder()
</StackTrace>
        </ErrorInfo>
      </Output>
    </UnitTestResult>
    <UnitTestResult executionId="5c38239f-45f1-41b8-8e94-290e1c833177" testId="8641afba-428b-e6a2-b596-fd4c2aa5a92b" testName="CreateFile_returnsFalseForInvalidFilePath" computerName="TVMDT2571" duration="00:00:00.0002689" startTime="2019-05-07T17:29:09.7070502+05:30" endTime="2019-05-07T17:29:09.7070502+05:30" testType="13cdc9d9-ddb5-4fa4-a97d-d965ccfc6d4b" outcome="Failed" testListId="8c84fa94-04c1-424b-9868-57a2d4851a1d" relativeResultsDirectory="5c38239f-45f1-41b8-8e94-290e1c833177">
      <Output>
        <ErrorInfo>
          <Message>Test method AgentServiceTest.FileHandlerTest.CreateFile_returnsFalseForInvalidFilePath threw exception: 
System.BadImageFormatException: Could not load file or assembly 'IoTAgentService, Version=1.0.0.0, Culture=neutral, PublicKeyToken=null' or one of its dependencies. An attempt was made to load a program with an incorrect format.</Message>
          <StackTrace>    at AgentServiceTest.FileHandlerTest.CreateFile_returnsFalseForInvalidFilePath()
</StackTrace>
        </ErrorInfo>
      </Output>
    </UnitTestResult>
    <UnitTestResult executionId="b06ba298-1ba4-4679-907b-4f36ea353d31" testId="aedad8b7-1c5a-71f0-70a8-a863ed4cfa1c" testName="MoveWithDiffName_movesTheSourceFileToNewFile" computerName="TVMDT2571" duration="00:00:00.0002324" startTime="2019-05-07T17:29:09.7070502+05:30" endTime="2019-05-07T17:29:09.7080496+05:30" testType="13cdc9d9-ddb5-4fa4-a97d-d965ccfc6d4b" outcome="Failed" testListId="8c84fa94-04c1-424b-9868-57a2d4851a1d" relativeResultsDirectory="b06ba298-1ba4-4679-907b-4f36ea353d31">
      <Output>
        <ErrorInfo>
          <Message>Test method AgentServiceTest.FileHandlerTest.MoveWithDiffName_movesTheSourceFileToNewFile threw exception: 
System.BadImageFormatException: Could not load file or assembly 'IoTAgentService, Version=1.0.0.0, Culture=neutral, PublicKeyToken=null' or one of its dependencies. An attempt was made to load a program with an incorrect format.</Message>
          <StackTrace>    at AgentServiceTest.FileHandlerTest.MoveWithDiffName_movesTheSourceFileToNewFile()
</StackTrace>
        </ErrorInfo>
      </Output>
    </UnitTestResult>
    <UnitTestResult executionId="459a1949-ee10-4ff0-b926-e03a1fa5431e" testId="3f74c8d9-e490-1170-ba8a-34b8c022c5e5" testName="DeleteFile_deletesAlreadyExistingFile" computerName="TVMDT2571" duration="00:00:00.0002196" startTime="2019-05-07T17:29:09.7080496+05:30" endTime="2019-05-07T17:29:09.7080496+05:30" testType="13cdc9d9-ddb5-4fa4-a97d-d965ccfc6d4b" outcome="Failed" testListId="8c84fa94-04c1-424b-9868-57a2d4851a1d" relativeResultsDirectory="459a1949-ee10-4ff0-b926-e03a1fa5431e">
      <Output>
        <ErrorInfo>
          <Message>Test method AgentServiceTest.FileHandlerTest.DeleteFile_deletesAlreadyExistingFile threw exception: 
System.BadImageFormatException: Could not load file or assembly 'IoTAgentService, Version=1.0.0.0, Culture=neutral, PublicKeyToken=null' or one of its dependencies. An attempt was made to load a program with an incorrect format.</Message>
          <StackTrace>    at AgentServiceTest.FileHandlerTest.DeleteFile_deletesAlreadyExistingFile()
</StackTrace>
        </ErrorInfo>
      </Output>
    </UnitTestResult>
    <UnitTestResult executionId="91ab9627-85cb-4169-ad77-2a373035695c" testId="e8ff66ef-7a91-fc8b-db55-227d2ffefc7e" testName="GetFileSize_returnsFileSizeInMB" computerName="TVMDT2571" duration="00:00:00.0002205" startTime="2019-05-07T17:29:09.7080496+05:30" endTime="2019-05-07T17:29:09.7080496+05:30" testType="13cdc9d9-ddb5-4fa4-a97d-d965ccfc6d4b" outcome="Failed" testListId="8c84fa94-04c1-424b-9868-57a2d4851a1d" relativeResultsDirectory="91ab9627-85cb-4169-ad77-2a373035695c">
      <Output>
        <ErrorInfo>
          <Message>Test method AgentServiceTest.FileHandlerTest.GetFileSize_returnsFileSizeInMB threw exception: 
System.BadImageFormatException: Could not load file or assembly 'IoTAgentService, Version=1.0.0.0, Culture=neutral, PublicKeyToken=null' or one of its dependencies. An attempt was made to load a program with an incorrect format.</Message>
          <StackTrace>    at AgentServiceTest.FileHandlerTest.GetFileSize_returnsFileSizeInMB()
</StackTrace>
        </ErrorInfo>
      </Output>
    </UnitTestResult>
    <UnitTestResult executionId="cb342f0d-99d5-4c2b-80de-bd402b885e28" testId="a479bef7-9190-ff4f-af18-60a3c1e94abb" testName="GetFileSize_returnsLessThanZeroForInvalidFile" computerName="TVMDT2571" duration="00:00:00.0002130" startTime="2019-05-07T17:29:09.7080496+05:30" endTime="2019-05-07T17:29:09.7080496+05:30" testType="13cdc9d9-ddb5-4fa4-a97d-d965ccfc6d4b" outcome="Failed" testListId="8c84fa94-04c1-424b-9868-57a2d4851a1d" relativeResultsDirectory="cb342f0d-99d5-4c2b-80de-bd402b885e28">
      <Output>
        <ErrorInfo>
          <Message>Test method AgentServiceTest.FileHandlerTest.GetFileSize_returnsLessThanZeroForInvalidFile threw exception: 
System.BadImageFormatException: Could not load file or assembly 'IoTAgentService, Version=1.0.0.0, Culture=neutral, PublicKeyToken=null' or one of its dependencies. An attempt was made to load a program with an incorrect format.</Message>
          <StackTrace>    at AgentServiceTest.FileHandlerTest.GetFileSize_returnsLessThanZeroForInvalidFile()
</StackTrace>
        </ErrorInfo>
      </Output>
    </UnitTestResult>
    <UnitTestResult executionId="55a8802a-ab60-4249-8dd3-53ed279bd83f" testId="a6e6e4a4-0dfd-c961-8dc5-8fa30a0513c2" testName="VerifyFilePath_returnsTrueForValidPath" computerName="TVMDT2571" duration="00:00:00.0002081" startTime="2019-05-07T17:29:09.7090484+05:30" endTime="2019-05-07T17:29:09.7090484+05:30" testType="13cdc9d9-ddb5-4fa4-a97d-d965ccfc6d4b" outcome="Failed" testListId="8c84fa94-04c1-424b-9868-57a2d4851a1d" relativeResultsDirectory="55a8802a-ab60-4249-8dd3-53ed279bd83f">
      <Output>
        <ErrorInfo>
          <Message>Test method AgentServiceTest.FileHandlerTest.VerifyFilePath_returnsTrueForValidPath threw exception: 
System.BadImageFormatException: Could not load file or assembly 'IoTAgentService, Version=1.0.0.0, Culture=neutral, PublicKeyToken=null' or one of its dependencies. An attempt was made to load a program with an incorrect format.</Message>
          <StackTrace>    at AgentServiceTest.FileHandlerTest.VerifyFilePath_returnsTrueForValidPath()
</StackTrace>
        </ErrorInfo>
      </Output>
    </UnitTestResult>
    <UnitTestResult executionId="59609ac0-2cc2-436b-85f9-d21221bf049f" testId="e247e277-18af-10d5-7b23-88c1adf56f70" testName="VerifyFilePath_returnsFalseForInvalidPath" computerName="TVMDT2571" duration="00:00:00.0002113" startTime="2019-05-07T17:29:09.7090484+05:30" endTime="2019-05-07T17:29:09.7090484+05:30" testType="13cdc9d9-ddb5-4fa4-a97d-d965ccfc6d4b" outcome="Failed" testListId="8c84fa94-04c1-424b-9868-57a2d4851a1d" relativeResultsDirectory="59609ac0-2cc2-436b-85f9-d21221bf049f">
      <Output>
        <ErrorInfo>
          <Message>Test method AgentServiceTest.FileHandlerTest.VerifyFilePath_returnsFalseForInvalidPath threw exception: 
System.BadImageFormatException: Could not load file or assembly 'IoTAgentService, Version=1.0.0.0, Culture=neutral, PublicKeyToken=null' or one of its dependencies. An attempt was made to load a program with an incorrect format.</Message>
          <StackTrace>    at AgentServiceTest.FileHandlerTest.VerifyFilePath_returnsFalseForInvalidPath()
</StackTrace>
        </ErrorInfo>
      </Output>
    </UnitTestResult>
    <UnitTestResult executionId="55b162f3-9d9d-489b-bea1-4752dfbeca40" testId="36bd3c58-d2b9-719a-1ea7-b3b3e2c7d4e3" testName="GetFilesInDirectory_returnsListOfFiles" computerName="TVMDT2571" duration="00:00:00.0002118" startTime="2019-05-07T17:29:09.7090484+05:30" endTime="2019-05-07T17:29:09.7090484+05:30" testType="13cdc9d9-ddb5-4fa4-a97d-d965ccfc6d4b" outcome="Failed" testListId="8c84fa94-04c1-424b-9868-57a2d4851a1d" relativeResultsDirectory="55b162f3-9d9d-489b-bea1-4752dfbeca40">
      <Output>
        <ErrorInfo>
          <Message>Test method AgentServiceTest.FileHandlerTest.GetFilesInDirectory_returnsListOfFiles threw exception: 
System.BadImageFormatException: Could not load file or assembly 'IoTAgentService, Version=1.0.0.0, Culture=neutral, PublicKeyToken=null' or one of its dependencies. An attempt was made to load a program with an incorrect format.</Message>
          <StackTrace>    at AgentServiceTest.FileHandlerTest.GetFilesInDirectory_returnsListOfFiles()
</StackTrace>
        </ErrorInfo>
      </Output>
    </UnitTestResult>
    <UnitTestResult executionId="91b33249-7eb5-468c-b1c1-017e4045529d" testId="917a7721-da9f-ac85-a8a8-74a022559ace" testName="RemoveReadOnly_" computerName="TVMDT2571" duration="00:00:00.0000509" startTime="2019-05-07T17:29:09.7130481+05:30" endTime="2019-05-07T17:29:09.7130481+05:30" testType="13cdc9d9-ddb5-4fa4-a97d-d965ccfc6d4b" outcome="Passed" testListId="8c84fa94-04c1-424b-9868-57a2d4851a1d" relativeResultsDirectory="91b33249-7eb5-468c-b1c1-017e4045529d" />
  </Results>
  <TestDefinitions>
    <UnitTest name="CreateFile_createsFileInSpecifiedFolder" storage="d:\agentservicetest\agentservicetest\agentservicetest\bin\debug\agentservicetest.dll" id="f0fb44f8-5d10-ecab-03b1-22386ba93c11">
      <Execution id="52ea2764-7539-4eba-b8d0-000135cc448b" />
      <TestMethod codeBase="D:\AgentServiceTest\AgentServiceTest\AgentServiceTest\bin\Debug\AgentServiceTest.dll" adapterTypeName="Microsoft.VisualStudio.TestTools.TestTypes.Unit.UnitTestAdapter" className="AgentServiceTest.FileHandlerTest" name="CreateFile_createsFileInSpecifiedFolder" />
    </UnitTest>
    <UnitTest name="CreateFile_returnsFalseForInvalidFilePath" storage="d:\agentservicetest\agentservicetest\agentservicetest\bin\debug\agentservicetest.dll" id="8641afba-428b-e6a2-b596-fd4c2aa5a92b">
      <Execution id="5c38239f-45f1-41b8-8e94-290e1c833177" />
      <TestMethod codeBase="D:\AgentServiceTest\AgentServiceTest\AgentServiceTest\bin\Debug\AgentServiceTest.dll" adapterTypeName="Microsoft.VisualStudio.TestTools.TestTypes.Unit.UnitTestAdapter" className="AgentServiceTest.FileHandlerTest" name="CreateFile_returnsFalseForInvalidFilePath" />
    </UnitTest>
    <UnitTest name="MoveWithDiffName_movesTheSourceFileToNewFile" storage="d:\agentservicetest\agentservicetest\agentservicetest\bin\debug\agentservicetest.dll" id="aedad8b7-1c5a-71f0-70a8-a863ed4cfa1c">
      <Execution id="b06ba298-1ba4-4679-907b-4f36ea353d31" />
      <TestMethod codeBase="D:\AgentServiceTest\AgentServiceTest\AgentServiceTest\bin\Debug\AgentServiceTest.dll" adapterTypeName="Microsoft.VisualStudio.TestTools.TestTypes.Unit.UnitTestAdapter" className="AgentServiceTest.FileHandlerTest" name="MoveWithDiffName_movesTheSourceFileToNewFile" />
    </UnitTest>
    <UnitTest name="DeleteFile_deletesAlreadyExistingFile" storage="d:\agentservicetest\agentservicetest\agentservicetest\bin\debug\agentservicetest.dll" id="3f74c8d9-e490-1170-ba8a-34b8c022c5e5">
      <Execution id="459a1949-ee10-4ff0-b926-e03a1fa5431e" />
      <TestMethod codeBase="D:\AgentServiceTest\AgentServiceTest\AgentServiceTest\bin\Debug\AgentServiceTest.dll" adapterTypeName="Microsoft.VisualStudio.TestTools.TestTypes.Unit.UnitTestAdapter" className="AgentServiceTest.FileHandlerTest" name="DeleteFile_deletesAlreadyExistingFile" />
    </UnitTest>
    <UnitTest name="GetFileSize_returnsFileSizeInMB" storage="d:\agentservicetest\agentservicetest\agentservicetest\bin\debug\agentservicetest.dll" id="e8ff66ef-7a91-fc8b-db55-227d2ffefc7e">
      <Execution id="91ab9627-85cb-4169-ad77-2a373035695c" />
      <TestMethod codeBase="D:\AgentServiceTest\AgentServiceTest\AgentServiceTest\bin\Debug\AgentServiceTest.dll" adapterTypeName="Microsoft.VisualStudio.TestTools.TestTypes.Unit.UnitTestAdapter" className="AgentServiceTest.FileHandlerTest" name="GetFileSize_returnsFileSizeInMB" />
    </UnitTest>
    <UnitTest name="GetFileSize_returnsLessThanZeroForInvalidFile" storage="d:\agentservicetest\agentservicetest\agentservicetest\bin\debug\agentservicetest.dll" id="a479bef7-9190-ff4f-af18-60a3c1e94abb">
      <Execution id="cb342f0d-99d5-4c2b-80de-bd402b885e28" />
      <TestMethod codeBase="D:\AgentServiceTest\AgentServiceTest\AgentServiceTest\bin\Debug\AgentServiceTest.dll" adapterTypeName="Microsoft.VisualStudio.TestTools.TestTypes.Unit.UnitTestAdapter" className="AgentServiceTest.FileHandlerTest" name="GetFileSize_returnsLessThanZeroForInvalidFile" />
    </UnitTest>
    <UnitTest name="VerifyFilePath_returnsTrueForValidPath" storage="d:\agentservicetest\agentservicetest\agentservicetest\bin\debug\agentservicetest.dll" id="a6e6e4a4-0dfd-c961-8dc5-8fa30a0513c2">
      <Execution id="55a8802a-ab60-4249-8dd3-53ed279bd83f" />
      <TestMethod codeBase="D:\AgentServiceTest\AgentServiceTest\AgentServiceTest\bin\Debug\AgentServiceTest.dll" adapterTypeName="Microsoft.VisualStudio.TestTools.TestTypes.Unit.UnitTestAdapter" className="AgentServiceTest.FileHandlerTest" name="VerifyFilePath_returnsTrueForValidPath" />
    </UnitTest>
    <UnitTest name="VerifyFilePath_returnsFalseForInvalidPath" storage="d:\agentservicetest\agentservicetest\agentservicetest\bin\debug\agentservicetest.dll" id="e247e277-18af-10d5-7b23-88c1adf56f70">
      <Execution id="59609ac0-2cc2-436b-85f9-d21221bf049f" />
      <TestMethod codeBase="D:\AgentServiceTest\AgentServiceTest\AgentServiceTest\bin\Debug\AgentServiceTest.dll" adapterTypeName="Microsoft.VisualStudio.TestTools.TestTypes.Unit.UnitTestAdapter" className="AgentServiceTest.FileHandlerTest" name="VerifyFilePath_returnsFalseForInvalidPath" />
    </UnitTest>
    <UnitTest name="GetFilesInDirectory_returnsListOfFiles" storage="d:\agentservicetest\agentservicetest\agentservicetest\bin\debug\agentservicetest.dll" id="36bd3c58-d2b9-719a-1ea7-b3b3e2c7d4e3">
      <Execution id="55b162f3-9d9d-489b-bea1-4752dfbeca40" />
      <TestMethod codeBase="D:\AgentServiceTest\AgentServiceTest\AgentServiceTest\bin\Debug\AgentServiceTest.dll" adapterTypeName="Microsoft.VisualStudio.TestTools.TestTypes.Unit.UnitTestAdapter" className="AgentServiceTest.FileHandlerTest" name="GetFilesInDirectory_returnsListOfFiles" />
    </UnitTest>
    <UnitTest name="RemoveReadOnly_" storage="d:\agentservicetest\agentservicetest\agentservicetest\bin\debug\agentservicetest.dll" id="917a7721-da9f-ac85-a8a8-74a022559ace">
      <Execution id="91b33249-7eb5-468c-b1c1-017e4045529d" />
      <TestMethod codeBase="D:\AgentServiceTest\AgentServiceTest\AgentServiceTest\bin\Debug\AgentServiceTest.dll" adapterTypeName="Microsoft.VisualStudio.TestTools.TestTypes.Unit.UnitTestAdapter" className="AgentServiceTest.FileHandlerTest" name="RemoveReadOnly_" />
    </UnitTest>
  </TestDefinitions>
  <TestEntries>
    <TestEntry testId="f0fb44f8-5d10-ecab-03b1-22386ba93c11" executionId="52ea2764-7539-4eba-b8d0-000135cc448b" testListId="8c84fa94-04c1-424b-9868-57a2d4851a1d" />
    <TestEntry testId="8641afba-428b-e6a2-b596-fd4c2aa5a92b" executionId="5c38239f-45f1-41b8-8e94-290e1c833177" testListId="8c84fa94-04c1-424b-9868-57a2d4851a1d" />
    <TestEntry testId="aedad8b7-1c5a-71f0-70a8-a863ed4cfa1c" executionId="b06ba298-1ba4-4679-907b-4f36ea353d31" testListId="8c84fa94-04c1-424b-9868-57a2d4851a1d" />
    <TestEntry testId="3f74c8d9-e490-1170-ba8a-34b8c022c5e5" executionId="459a1949-ee10-4ff0-b926-e03a1fa5431e" testListId="8c84fa94-04c1-424b-9868-57a2d4851a1d" />
    <TestEntry testId="e8ff66ef-7a91-fc8b-db55-227d2ffefc7e" executionId="91ab9627-85cb-4169-ad77-2a373035695c" testListId="8c84fa94-04c1-424b-9868-57a2d4851a1d" />
    <TestEntry testId="a479bef7-9190-ff4f-af18-60a3c1e94abb" executionId="cb342f0d-99d5-4c2b-80de-bd402b885e28" testListId="8c84fa94-04c1-424b-9868-57a2d4851a1d" />
    <TestEntry testId="a6e6e4a4-0dfd-c961-8dc5-8fa30a0513c2" executionId="55a8802a-ab60-4249-8dd3-53ed279bd83f" testListId="8c84fa94-04c1-424b-9868-57a2d4851a1d" />
    <TestEntry testId="e247e277-18af-10d5-7b23-88c1adf56f70" executionId="59609ac0-2cc2-436b-85f9-d21221bf049f" testListId="8c84fa94-04c1-424b-9868-57a2d4851a1d" />
    <TestEntry testId="36bd3c58-d2b9-719a-1ea7-b3b3e2c7d4e3" executionId="55b162f3-9d9d-489b-bea1-4752dfbeca40" testListId="8c84fa94-04c1-424b-9868-57a2d4851a1d" />
    <TestEntry testId="917a7721-da9f-ac85-a8a8-74a022559ace" executionId="91b33249-7eb5-468c-b1c1-017e4045529d" testListId="8c84fa94-04c1-424b-9868-57a2d4851a1d" />
  </TestEntries>
  <TestLists>
    <TestList name="Results Not in a List" id="8c84fa94-04c1-424b-9868-57a2d4851a1d" />
    <TestList name="All Loaded Results" id="19431567-8539-422a-85d7-44ee4e166bda" />
  </TestLists>
  <ResultSummary outcome="Failed">
    <Counters total="10" executed="10" passed="1" failed="9" error="0" timeout="0" aborted="0" inconclusive="0" passedButRunAborted="0" notRunnable="0" notExecuted="0" disconnected="0" warning="0" completed="0" inProgress="0" pending="0" />
  </ResultSummary>
</TestRun>